********************************************************************************
DUPLICATOR-LITE PACKAGE-LOG: 2017-07-26 15:58:44
NOTICE: Do NOT post to public sites or forums 
********************************************************************************
VERSION:	1.2.14
WORDPRESS:	4.8
PHP INFO:	7.0.9 | SAPI: apache2handler
SERVER:		Apache/2.4.23 (Win32) OpenSSL/1.0.2h PHP/7.0.9 
PHP TIME LIMIT: (0) no time limit imposed 
PHP MAX MEMORY: 2048M (128M default) 
MEMORY STACK: 8MB 

********************************************************************************
DATABASE:
********************************************************************************
BUILD MODE:   PHP(query limit - 100)
MYSQLTIMEOUT: 5000
MYSQLDUMP:    Is Supported 
TABLES: total:30 | filtered:0 | create:30 
FILTERED: [] 
SQL CREATED: 20170726_risbudgeting_3507a57bc5541ed98485170726155834_database.sql 
SQL FILE SIZE: 693.17KB (709804) 
SQL FILE TIME: 2017-07-26 15:58:44 
SQL RUNTIME: 0.15 sec. 

******************************************************************************** 
ARCHIVE (ZIP): 
******************************************************************************** 
ARCHIVE DIR:  C:/xampp/htdocs/budgeting 
ARCHIVE FILE: 20170726_risbudgeting_3507a57bc5541ed98485170726155834_archive.zip 
FILTERS: *OFF* 
DIRS:
	not set 
FILES:
	not set 
EXTS:  not set 
---------------------------------------- 
COMPRESSING 
SIZE:	33.64MB 
STATS:	Dirs 216 | Files 1,855 
SQL ADDED: 20170726_risbudgeting_3507a57bc5541ed98485170726155834_database.sql 

WARNING: Unable to zip files: 
FILE: [C:/xampp/htdocs/budgeting/wp-content/themes/onlineS3/js/áñ÷åßï ëÞøçò]
 
ZipArchive Object
(
    [status] => 0
    [statusSys] => 0
    [numFiles] => 2070
    [filename] => C:\xampp\htdocs\budgeting\wp-snapshots\tmp\20170726_risbudgeting_3507a57bc5541ed98485170726155834_archive.zip
    [comment] => 
)
 
COMPRESSION RESULT: '1' 
COMPRESSED SIZE: 12.94MB 
ARCHIVE RUNTIME: 5.61 sec. 
MEMORY STACK: 8MB 

******************************************************************************** 
MAKE INSTALLER: 
******************************************************************************** 
Build Start 
Build Finished 
Preping for use 
Template parsed with new data 
Complete [C:/xampp/htdocs/budgeting/wp-snapshots/tmp/20170726_risbudgeting_3507a57bc5541ed98485170726155834_installer.php] 
Added to archive 

******************************************************************************** 
INTEGRITY CHECKS: 
******************************************************************************** 
SQL File: 693.17KB 
Installer File: 432.01KB 
Archive File: 12.94MB  

********************************************************************************
RECORD ID:[1]
TOTAL PROCESS RUNTIME: 6.43 sec.
PEAK PHP MEMORY USED: 12MB
DONE PROCESSING => 20170726_risbudgeting 2017-07-26 15:58:51
 
