********************************************************************************
DUPLICATOR-LITE PACKAGE-LOG: 2017-08-06 02:45:28
NOTICE: Do NOT post to public sites or forums 
********************************************************************************
VERSION:	1.2.14
WORDPRESS:	4.8.1
PHP INFO:	7.0.9 | SAPI: apache2handler
SERVER:		Apache/2.4.23 (Win32) OpenSSL/1.0.2h PHP/7.0.9 
PHP TIME LIMIT: (0) no time limit imposed 
PHP MAX MEMORY: 2048M (128M default) 
MEMORY STACK: 16MB 

********************************************************************************
DATABASE:
********************************************************************************
BUILD MODE:   PHP(query limit - 100)
MYSQLTIMEOUT: 5000
MYSQLDUMP:    Is Supported 
TABLES: total:23 | filtered:0 | create:23 
FILTERED: [] 
SQL CREATED: 20170726_risbudgeting_864351d9ca0548bc2949170806024445_database.sql 
SQL FILE SIZE: 687.21KB (703702) 
SQL FILE TIME: 2017-08-06 02:45:28 
SQL RUNTIME: 0.36 sec. 

******************************************************************************** 
ARCHIVE (ZIP): 
******************************************************************************** 
ARCHIVE DIR:  C:/xampp/htdocs/budgeting 
ARCHIVE FILE: 20170726_risbudgeting_864351d9ca0548bc2949170806024445_archive.zip 
FILTERS: *OFF* 
DIRS:
	not set 
FILES:
	not set 
EXTS:  not set 
---------------------------------------- 
COMPRESSING 
SIZE:	40.93MB 
STATS:	Dirs 219 | Files 1,883 
SQL ADDED: 20170726_risbudgeting_864351d9ca0548bc2949170806024445_database.sql 

WARNING: Unable to zip files: 
FILE: [C:/xampp/htdocs/budgeting/wp-content/themes/onlineS3/js/áñ÷åßï ëÞøçò]
 
ZipArchive Object
(
    [status] => 0
    [statusSys] => 0
    [numFiles] => 2101
    [filename] => C:\xampp\htdocs\budgeting\wp-snapshots\tmp\20170726_risbudgeting_864351d9ca0548bc2949170806024445_archive.zip
    [comment] => 
)
 
COMPRESSION RESULT: '1' 
COMPRESSED SIZE: 19.81MB 
ARCHIVE RUNTIME: 7.48 sec. 
MEMORY STACK: 16MB 

******************************************************************************** 
MAKE INSTALLER: 
******************************************************************************** 
Build Start 
Build Finished 
Preping for use 
Template parsed with new data 
Complete [C:/xampp/htdocs/budgeting/wp-snapshots/tmp/20170726_risbudgeting_864351d9ca0548bc2949170806024445_installer.php] 
Added to archive 

******************************************************************************** 
INTEGRITY CHECKS: 
******************************************************************************** 
SQL File: 687.21KB 
Installer File: 432.01KB 
Archive File: 19.81MB  

********************************************************************************
RECORD ID:[4]
TOTAL PROCESS RUNTIME: 9.06 sec.
PEAK PHP MEMORY USED: 20MB
DONE PROCESSING => 20170726_risbudgeting 2017-08-06 02:45:37
 
